 INFO - Available actions
 INFO - -salesforce-go-to-approval
 INFO - -salesforce-new-approval
 INFO - -salesforce-go-to-approvals
 INFO - -screenshot
 INFO - -checklink
 INFO - -salesforce-submit-approval
 INFO - -salesforce-new-partner
 INFO - -noop
 INFO - -OpenBrowser
 INFO - -salesforce-go-to-account
 INFO - -salesforce-go-to-accounts
 INFO - -location
 INFO - -salesforce-logout
 INFO - -partialLocation
 INFO - -salesforce-login
 INFO - Available commands
 INFO - -checklink
 INFO - -process
 INFO - -sql
 INFO - -var
 INFO - -action
 INFO - -scenario
 INFO - -check
 INFO - -location
 INFO - -varFile
 INFO - -partialLocation
 INFO - -config
 INFO - -screenshot
 INFO - -comment
 INFO - Command is execute
 DEBUG - Running with PROFILE =local
 DEBUG - Running with LANGUAGECODE =FR
 DEBUG - # Teste connection
 DEBUG - 
 DEBUG - L'objectif de ce scenario est de tester la disponibilite de l'application
 DEBUG - 
 DEBUG - Le teste utilise le fichier de configuration {config:sf._PROFILE_.properties}
 DEBUG - Found command config:sf._PROFILE_.properties
 DEBUG - command is config:sf._PROFILE_.properties
 DEBUG - Load parameters from D:\adep110\Outils\AtelierJEE7\Ekip360\nrt-franfinance-dev\cases-sf\config\sf.local.properties
 DEBUG - browser=chrome
 DEBUG - 
 DEBUG - 
 DEBUG - 
 DEBUG - 
 DEBUG - Le workflow est le suivant :
 DEBUG - 
 DEBUG - 
 DEBUG - 1. L'utilisateur se connecte à l'application {process:Connexion}
 DEBUG - Found command process:Connexion
 INFO - command is process:Connexion
 DEBUG - # Process : Connexion 
 DEBUG - 
 DEBUG - ## Context
 DEBUG - 
 DEBUG - Ces variables doivent ètre rensignés
 DEBUG - 
 DEBUG - - browser {check:browser}
 DEBUG - Found command check:browser
 DEBUG - command is check:browser
 DEBUG - - connection url {check:common.root.url}
 DEBUG - Found command check:common.root.url
 DEBUG - command is check:common.root.url
 DEBUG - - welcome page url {check:common.menu.url}
 DEBUG - Found command check:common.menu.url
 DEBUG - command is check:common.menu.url
 DEBUG - - user {check:common.user}
 DEBUG - Found command check:common.user
 DEBUG - command is check:common.user
 DEBUG - - password {check:common.password:encrypt}
 DEBUG - Found command check:common.password:encrypt
 DEBUG - command is check:common.password:encrypt
 DEBUG - 
 DEBUG - ## Pre-conditions
 DEBUG - 
 DEBUG - n/a
 DEBUG - 
 DEBUG - ## Actions
 DEBUG - 
 DEBUG - 1.L'utilisateur lance le navigateur {action:OpenBrowser}</br>
 DEBUG - Found command action:OpenBrowser
 DEBUG - command is action:OpenBrowser
 DEBUG - 2.Il se connecte à l'application {action:salesforce-login}</br>
 DEBUG - Found command action:salesforce-login
 DEBUG - command is action:salesforce-login
 DEBUG - 3.Il prend un imprime-écran {screenshot}</br>
 DEBUG - Found command screenshot
 DEBUG - command is screenshot
 DEBUG - 
 DEBUG - ## Expected results
 DEBUG - 
 DEBUG - L'utilisateur est connecté à l'application {location:_common.menu.url_}
 DEBUG - Found command location:_common.menu.url_
 DEBUG - command is location:_common.menu.url_
 DEBUG - 
 DEBUG - 2. A la fin, l'utilisateur se deconnecte {process:Deconnexion}
 DEBUG - Found command process:Deconnexion
 INFO - command is process:Deconnexion
 DEBUG - # Process : Déconnexion
 DEBUG - 
 DEBUG - ## Context
 DEBUG - 
 DEBUG - 
 DEBUG - Ces variables doivent ètre rensignés
 DEBUG - 
 DEBUG - - browser {check:browser}
 DEBUG - Found command check:browser
 DEBUG - command is check:browser
 DEBUG - - connection url {check:common.root.url}
 DEBUG - Found command check:common.root.url
 DEBUG - command is check:common.root.url
 DEBUG - - welcome page url {check:common.menu.url}
 DEBUG - Found command check:common.menu.url
 DEBUG - command is check:common.menu.url
 DEBUG - 
 DEBUG - ## Pre-conditions
 DEBUG - 
 DEBUG - 
 DEBUG - L'utilisateur est connecté à l'application {partialLocation:_common.login.url_}
 DEBUG - Found command partialLocation:_common.login.url_
 DEBUG - command is partialLocation:_common.login.url_
 DEBUG - 
 DEBUG - ## Actions
 DEBUG - 
 DEBUG - 1. L'utilisateur se déconnecte {action:salesforce-logout}
 DEBUG - Found command action:salesforce-logout
 DEBUG - command is action:salesforce-logout
 DEBUG - 2. il prend un imprime-écran {screenshot}
 DEBUG - Found command screenshot
 DEBUG - command is screenshot
 DEBUG - 
 DEBUG - ## Expected results
 DEBUG - 
 DEBUG - L'utilisateur est sur la page de connexion de l'application {location:_common.logout.url_}
 DEBUG - Found command location:_common.logout.url_
 DEBUG - command is location:_common.logout.url_
 INFO - scenario Test_Connection.md ended with status ok
 INFO - comment ended with status ok
 INFO - comment ended with status ok
 INFO - config D:\adep110\Outils\AtelierJEE7\Ekip360\nrt-franfinance-dev\cases-sf\config\sf.local.properties ended with status ok
 INFO - comment ended with status ok
 INFO - process Connexion ended with status ok
 INFO - comment ended with status ok
 INFO - comment ended with status ok
 INFO - comment ended with status ok
 INFO - check browser=chrome ended with status ok
 INFO - check common.root.url=https://franfinance-sgef--migration.lightning.force.com/ ended with status ok
 INFO - check common.menu.url=https://franfinance-sgef--migration.lightning.force.com/lightning/page/home ended with status ok
 INFO - check common.user=mohamed.sahal@fekra.fr ended with status ok
 INFO - check common.password=Selenium001 ended with status ok
 INFO - comment ended with status ok
 INFO - comment ended with status ok
 INFO - comment ended with status ok
 INFO - Use driver chrome
 INFO - chrome.driver.path = C:\Users\adep110\Documents\chromedriver.exe
 ERROR - session not created: This version of ChromeDriver only supports Chrome version 89
Current browser version is 85.0.4183.83 with binary path C:\Program Files (x86)\Google\Chrome\Application\chrome.exe
  (Driver info: chromedriver=89.0.4389.23 (61b08ee2c50024bab004e48d2b1b083cdbdac579-refs/branch-heads/4389@{#294}),platform=Windows NT 10.0.17134 x86_64) (WARNING: The server did not provide any stacktrace information)
Command duration or timeout: 1.74 seconds
Build info: version: '2.45.0', revision: '5017cb8e7ca8e37638dc3091b2440b90a1d8686f', time: '2015-02-27 09:10:26'
System info: host: 'FR07205490L', ip: '192.243.25.172', os.name: 'Windows 10', os.arch: 'amd64', os.version: '10.0', java.version: '1.8.0_77'
Driver info: org.openqa.selenium.chrome.ChromeDriver
org.openqa.selenium.SessionNotCreatedException: session not created: This version of ChromeDriver only supports Chrome version 89
Current browser version is 85.0.4183.83 with binary path C:\Program Files (x86)\Google\Chrome\Application\chrome.exe
  (Driver info: chromedriver=89.0.4389.23 (61b08ee2c50024bab004e48d2b1b083cdbdac579-refs/branch-heads/4389@{#294}),platform=Windows NT 10.0.17134 x86_64) (WARNING: The server did not provide any stacktrace information)
Command duration or timeout: 1.74 seconds
Build info: version: '2.45.0', revision: '5017cb8e7ca8e37638dc3091b2440b90a1d8686f', time: '2015-02-27 09:10:26'
System info: host: 'FR07205490L', ip: '192.243.25.172', os.name: 'Windows 10', os.arch: 'amd64', os.version: '10.0', java.version: '1.8.0_77'
Driver info: org.openqa.selenium.chrome.ChromeDriver
	at sun.reflect.NativeConstructorAccessorImpl.newInstance0(Native Method)
	at sun.reflect.NativeConstructorAccessorImpl.newInstance(NativeConstructorAccessorImpl.java:62)
	at sun.reflect.DelegatingConstructorAccessorImpl.newInstance(DelegatingConstructorAccessorImpl.java:45)
	at java.lang.reflect.Constructor.newInstance(Constructor.java:423)
	at org.openqa.selenium.remote.ErrorHandler.createThrowable(ErrorHandler.java:204)
	at org.openqa.selenium.remote.ErrorHandler.throwIfResponseFailed(ErrorHandler.java:156)
	at org.openqa.selenium.remote.RemoteWebDriver.execute(RemoteWebDriver.java:599)
	at org.openqa.selenium.remote.RemoteWebDriver.startSession(RemoteWebDriver.java:240)
	at org.openqa.selenium.remote.RemoteWebDriver.<init>(RemoteWebDriver.java:126)
	at org.openqa.selenium.remote.RemoteWebDriver.<init>(RemoteWebDriver.java:139)
	at org.openqa.selenium.chrome.ChromeDriver.<init>(ChromeDriver.java:171)
	at org.openqa.selenium.chrome.ChromeDriver.<init>(ChromeDriver.java:160)
	at org.openqa.selenium.chrome.ChromeDriver.<init>(ChromeDriver.java:149)
	at fr.fekra.qa.selenium.tnr.connectors.SeleniumConnector.init(SeleniumConnector.java:60)
	at fr.fekra.qa.selenium.tnr.action.selenium.OpenBrowser.perform(OpenBrowser.java:53)
	at fr.fekra.qa.selenium.tnr.execute.cmds.ActionCommand.execute(ActionCommand.java:77)
	at fr.fekra.qa.selenium.tnr.execute.cmds.ActionCommand.execute(ActionCommand.java:27)
	at fr.fekra.qa.selenium.tnr.execute.Executer.execute(Executer.java:126)
	at fr.fekra.qa.selenium.tnr.execute.Executer.execute(Executer.java:130)
	at fr.fekra.qa.selenium.tnr.execute.Executer.execute(Executer.java:130)
	at fr.fekra.qa.selenium.tnr.execute.Executer.run(Executer.java:88)
	at fr.fekra.qa.selenium.tnr.AbstractStarter.run(AbstractStarter.java:54)
	at org.springframework.boot.SpringApplication.callRunner(SpringApplication.java:772)
	at org.springframework.boot.SpringApplication.callRunners(SpringApplication.java:762)
	at org.springframework.boot.SpringApplication.run(SpringApplication.java:319)
	at fr.fekra.qa.selenium.tnr.AbstractStarter.execute(AbstractStarter.java:35)
	at fr.fekra.qa.selenium.TnrStarter.main(TnrStarter.java:16)
	at fr.fekra.qa.selenium.AbstractRunSelenium.runScenario(AbstractRunSelenium.java:33)
	at fr.fekra.qa.selenium.sf.SfRunATestManually.execute(SfRunATestManually.java:22)
	at fr.fekra.qa.selenium.sf.SfRunATestManually.main(SfRunATestManually.java:8)
 ERROR - action OpenBrowser ended with status failed
 INFO - Scenario ended with status failed
